{
  "stats": {
    "suites": 12,
    "tests": 41,
    "passes": 11,
    "pending": 0,
    "failures": 30,
    "start": "2022-04-20T22:21:15.731Z",
    "end": "2022-04-20T22:23:34.614Z",
    "duration": 138883,
    "testsRegistered": 41,
    "passPercent": 26.82926829268293,
    "pendingPercent": 0,
    "other": 0,
    "hasOther": false,
    "skipped": 0,
    "hasSkipped": false
  },
  "results": [
    {
      "uuid": "d4403ac3-fdb6-42ff-b6c7-82f65edb4664",
      "title": "",
      "fullFile": "cypress/integration/project.spec.js",
      "file": "cypress/integration/project.spec.js",
      "beforeHooks": [],
      "afterHooks": [],
      "tests": [],
      "suites": [
        {
          "uuid": "94c887b4-4594-49bd-b10b-1cdc2f771334",
          "title": "1 - Adicione à página o título \"Paleta de Cores\".",
          "fullFile": "",
          "file": "",
          "beforeHooks": [],
          "afterHooks": [],
          "tests": [
            {
              "title": "Verifica se contém um elemento `h1` com o id `title` com o título correto",
              "fullTitle": "1 - Adicione à página o título \"Paleta de Cores\". Verifica se contém um elemento `h1` com o id `title` com o título correto",
              "timedOut": null,
              "duration": 475,
              "state": "passed",
              "speed": "slow",
              "pass": true,
              "fail": false,
              "pending": false,
              "context": null,
              "code": "cy.get('h1#title').should('contain.text', 'Paleta de Cores');",
              "err": {},
              "uuid": "6a2e7ae8-9fff-4ff5-97ff-4ab8fecc93aa",
              "parentUUID": "94c887b4-4594-49bd-b10b-1cdc2f771334",
              "isHook": false,
              "skipped": false
            }
          ],
          "suites": [],
          "passes": [
            "6a2e7ae8-9fff-4ff5-97ff-4ab8fecc93aa"
          ],
          "failures": [],
          "pending": [],
          "skipped": [],
          "duration": 475,
          "root": false,
          "rootEmpty": false,
          "_timeout": 2000
        },
        {
          "uuid": "ed886851-7adb-49fd-919d-b081d6bb4035",
          "title": "2 - Adicione à página uma paleta de quatro cores distintas.",
          "fullFile": "",
          "file": "",
          "beforeHooks": [],
          "afterHooks": [],
          "tests": [
            {
              "title": "A paleta de cores deve ser um elemento com `id` denominado `color-palette` e ter mais de 0px de altura e de largura.",
              "fullTitle": "2 - Adicione à página uma paleta de quatro cores distintas. A paleta de cores deve ser um elemento com `id` denominado `color-palette` e ter mais de 0px de altura e de largura.",
              "timedOut": null,
              "duration": 250,
              "state": "passed",
              "speed": "slow",
              "pass": true,
              "fail": false,
              "pending": false,
              "context": null,
              "code": "cy.get('#color-palette').should('be.visible');\ncy.get('#color-palette').children('.color');",
              "err": {},
              "uuid": "952f2f3e-ad5b-4af7-b2cb-faa14637aed6",
              "parentUUID": "ed886851-7adb-49fd-919d-b081d6bb4035",
              "isHook": false,
              "skipped": false
            },
            {
              "title": "Verifica se cada cor individual da paleta de cores possui a `classe` chamada `color`.",
              "fullTitle": "2 - Adicione à página uma paleta de quatro cores distintas. Verifica se cada cor individual da paleta de cores possui a `classe` chamada `color`.",
              "timedOut": null,
              "duration": 240,
              "state": "passed",
              "speed": "slow",
              "pass": true,
              "fail": false,
              "pending": false,
              "context": null,
              "code": "cy.get('.color').should('have.length', 4).then(function (colors) {\n  for (var i = 0; i < colors.length; i++) {\n    cy.wrap(colors[i]).should('be.visible');\n  }\n});",
              "err": {},
              "uuid": "8f7d90b0-38f8-41da-9ba7-465aa32996fb",
              "parentUUID": "ed886851-7adb-49fd-919d-b081d6bb4035",
              "isHook": false,
              "skipped": false
            },
            {
              "title": "Verifica se a cor de fundo de cada elemento da paleta é a cor que o elemento representa. **A única cor não permitida na paleta é a cor branca.**",
              "fullTitle": "2 - Adicione à página uma paleta de quatro cores distintas. Verifica se a cor de fundo de cada elemento da paleta é a cor que o elemento representa. **A única cor não permitida na paleta é a cor branca.**",
              "timedOut": null,
              "duration": 434,
              "state": "passed",
              "speed": "slow",
              "pass": true,
              "fail": false,
              "pending": false,
              "context": null,
              "code": "cy.get('.color').each(function (color) {\n  cy.wrap(color).should('have.class', 'color').and('not.have.css', 'background-color', WHITE);\n  cy.wrap(color).should('have.css', 'background-color');\n});",
              "err": {},
              "uuid": "a25a337d-bc88-4d77-b1ef-a7e7eb2cea04",
              "parentUUID": "ed886851-7adb-49fd-919d-b081d6bb4035",
              "isHook": false,
              "skipped": false
            },
            {
              "title": "Verifica se cada elemento da paleta de cores tem uma borda preta, sólida e com 1 pixel de largura;",
              "fullTitle": "2 - Adicione à página uma paleta de quatro cores distintas. Verifica se cada elemento da paleta de cores tem uma borda preta, sólida e com 1 pixel de largura;",
              "timedOut": null,
              "duration": 517,
              "state": "passed",
              "speed": "slow",
              "pass": true,
              "fail": false,
              "pending": false,
              "context": null,
              "code": "cy.get('.color').each(function (color) {\n  cy.wrap(color).and('have.css', 'border', \"1px solid \".concat(BLACK)).and('have.class', 'color');\n});",
              "err": {},
              "uuid": "35449a84-a19e-423d-b4d3-064be219498c",
              "parentUUID": "ed886851-7adb-49fd-919d-b081d6bb4035",
              "isHook": false,
              "skipped": false
            },
            {
              "title": "Verifica se a paleta lista todas as cores disponíveis para utilização, lado a lado.",
              "fullTitle": "2 - Adicione à página uma paleta de quatro cores distintas. Verifica se a paleta lista todas as cores disponíveis para utilização, lado a lado.",
              "timedOut": null,
              "duration": 515,
              "state": "passed",
              "speed": "slow",
              "pass": true,
              "fail": false,
              "pending": false,
              "context": null,
              "code": "cy.get('.color').then(function (colors) {\n  for (var index = 1; index < colors.length; index += 1) {\n    var currentColor = colors[index];\n    var previousColor = colors[index - 1];\n    cy.wrap(currentColor).should('be.onTheRightOf', previousColor).and('be.horizontallyAlignedWith', previousColor);\n  }\n});",
              "err": {},
              "uuid": "5b15696e-1680-492f-b799-9b675e16f7a2",
              "parentUUID": "ed886851-7adb-49fd-919d-b081d6bb4035",
              "isHook": false,
              "skipped": false
            },
            {
              "title": "Verifica se a paleta de cores está posicionada abaixo do título 'Paleta de Cores'",
              "fullTitle": "2 - Adicione à página uma paleta de quatro cores distintas. Verifica se a paleta de cores está posicionada abaixo do título 'Paleta de Cores'",
              "timedOut": null,
              "duration": 243,
              "state": "passed",
              "speed": "slow",
              "pass": true,
              "fail": false,
              "pending": false,
              "context": null,
              "code": "cy.get('h1#title').then(function (title) {\n  cy.get('#color-palette').should('be.belowOf', title);\n});",
              "err": {},
              "uuid": "623e7ba9-e6be-4654-93ac-a29ee9e99cf1",
              "parentUUID": "ed886851-7adb-49fd-919d-b081d6bb4035",
              "isHook": false,
              "skipped": false
            },
            {
              "title": "Verifica se a paleta de cores não contém cores repetidas.",
              "fullTitle": "2 - Adicione à página uma paleta de quatro cores distintas. Verifica se a paleta de cores não contém cores repetidas.",
              "timedOut": null,
              "duration": 175,
              "state": "passed",
              "speed": "slow",
              "pass": true,
              "fail": false,
              "pending": false,
              "context": null,
              "code": "cy.get('.color').then(function (colors) {\n  var allColors = Array.from(colors).map(function (color) {\n    return Cypress.$(color).css('background-color');\n  });\n  cy.log(allColors);\n  var uniqColors = (0, _toConsumableArray2[\"default\"])(new Set(allColors));\n  cy.log(uniqColors);\n  expect(allColors.length).to.eq(uniqColors.length);\n});",
              "err": {},
              "uuid": "9ee7e2dc-209e-4c65-a46a-9dfb42722774",
              "parentUUID": "ed886851-7adb-49fd-919d-b081d6bb4035",
              "isHook": false,
              "skipped": false
            }
          ],
          "suites": [],
          "passes": [
            "952f2f3e-ad5b-4af7-b2cb-faa14637aed6",
            "8f7d90b0-38f8-41da-9ba7-465aa32996fb",
            "a25a337d-bc88-4d77-b1ef-a7e7eb2cea04",
            "35449a84-a19e-423d-b4d3-064be219498c",
            "5b15696e-1680-492f-b799-9b675e16f7a2",
            "623e7ba9-e6be-4654-93ac-a29ee9e99cf1",
            "9ee7e2dc-209e-4c65-a46a-9dfb42722774"
          ],
          "failures": [],
          "pending": [],
          "skipped": [],
          "duration": 2374,
          "root": false,
          "rootEmpty": false,
          "_timeout": 2000
        },
        {
          "uuid": "accaa8fa-2f75-426b-ab0c-00bbd99f30cf",
          "title": "3 - Adicione a cor **preta** como a primeira cor da paleta de cores.",
          "fullFile": "",
          "file": "",
          "beforeHooks": [],
          "afterHooks": [],
          "tests": [
            {
              "title": "Verifica se a primeira cor da paleta é preta",
              "fullTitle": "3 - Adicione a cor **preta** como a primeira cor da paleta de cores. Verifica se a primeira cor da paleta é preta",
              "timedOut": null,
              "duration": 189,
              "state": "passed",
              "speed": "slow",
              "pass": true,
              "fail": false,
              "pending": false,
              "context": null,
              "code": "cy.get('.color').first().should('have.css', 'background-color', BLACK);",
              "err": {},
              "uuid": "560f2d8e-5edb-4708-b83c-2c97c8a67aaf",
              "parentUUID": "accaa8fa-2f75-426b-ab0c-00bbd99f30cf",
              "isHook": false,
              "skipped": false
            },
            {
              "title": "Verifica se as demais cores podem ser escolhidas livremente.",
              "fullTitle": "3 - Adicione a cor **preta** como a primeira cor da paleta de cores. Verifica se as demais cores podem ser escolhidas livremente.",
              "timedOut": null,
              "duration": 513,
              "state": "passed",
              "speed": "slow",
              "pass": true,
              "fail": false,
              "pending": false,
              "context": null,
              "code": "cy.get('.color').eq(1).should('not.have.css', 'background-color', BLACK);\ncy.get('.color').eq(1).should('not.have.css', 'background-color', WHITE);\ncy.get('.color').eq(1).should('not.have.css', 'background-color', 'rgba(0, 0, 0, 0)');\ncy.get('.color').eq(1).should('have.css', 'background-color');\ncy.get('.color').eq(2).should('not.have.css', 'background-color', BLACK);\ncy.get('.color').eq(2).should('not.have.css', 'background-color', WHITE);\ncy.get('.color').eq(2).should('not.have.css', 'background-color', 'rgba(0, 0, 0, 0)');\ncy.get('.color').eq(2).should('have.css', 'background-color');\ncy.get('.color').eq(3).should('not.have.css', 'background-color', BLACK);\ncy.get('.color').eq(3).should('not.have.css', 'background-color', WHITE);\ncy.get('.color').eq(3).should('not.have.css', 'background-color', 'rgba(0, 0, 0, 0)');\ncy.get('.color').eq(3).should('have.css', 'background-color');",
              "err": {},
              "uuid": "4652b1c1-6d8c-4f64-b116-53eba17769a3",
              "parentUUID": "accaa8fa-2f75-426b-ab0c-00bbd99f30cf",
              "isHook": false,
              "skipped": false
            }
          ],
          "suites": [],
          "passes": [
            "560f2d8e-5edb-4708-b83c-2c97c8a67aaf",
            "4652b1c1-6d8c-4f64-b116-53eba17769a3"
          ],
          "failures": [],
          "pending": [],
          "skipped": [],
          "duration": 702,
          "root": false,
          "rootEmpty": false,
          "_timeout": 2000
        },
        {
          "uuid": "b48760d7-585f-4e6f-9d15-5acda7a3ddfd",
          "title": "4 - Adicione à página um quadro de pixels, com 25 pixels.",
          "fullFile": "",
          "file": "",
          "beforeHooks": [],
          "afterHooks": [],
          "tests": [
            {
              "title": "Verifica se o quadro de pixels possui o `id` denominado `pixel-board`",
              "fullTitle": "4 - Adicione à página um quadro de pixels, com 25 pixels. Verifica se o quadro de pixels possui o `id` denominado `pixel-board`",
              "timedOut": null,
              "duration": 4755,
              "state": "failed",
              "speed": null,
              "pass": false,
              "fail": true,
              "pending": false,
              "context": null,
              "code": "cy.get('#pixel-board').should('be.visible');",
              "err": {
                "message": "CypressError: Timed out retrying: Expected to find element: '#pixel-board', but never found it.",
                "estack": "CypressError: Timed out retrying: Expected to find element: '#pixel-board', but never found it.\n    at cypressErr (http://localhost:56697/__cypress/runner/cypress_runner.js:149934:9)\n    at throwErr (http://localhost:56697/__cypress/runner/cypress_runner.js:149867:11)\n    at Object.throwErrByPath (http://localhost:56697/__cypress/runner/cypress_runner.js:149915:3)\n    at retry (http://localhost:56697/__cypress/runner/cypress_runner.js:144197:19)\n    at onFailFn (http://localhost:56697/__cypress/runner/cypress_runner.js:132448:16)\n    at tryCatcher (http://localhost:56697/__cypress/runner/cypress_runner.js:167415:23)\n    at Promise._settlePromiseFromHandler (http://localhost:56697/__cypress/runner/cypress_runner.js:165351:31)\n    at Promise._settlePromise (http://localhost:56697/__cypress/runner/cypress_runner.js:165408:18)\n    at Promise._settlePromise0 (http://localhost:56697/__cypress/runner/cypress_runner.js:165453:10)\n    at Promise._settlePromises (http://localhost:56697/__cypress/runner/cypress_runner.js:165528:18)\n    at Async../node_modules/bluebird/js/release/async.js.Async._drainQueue (http://localhost:56697/__cypress/runner/cypress_runner.js:162140:16)\n    at Async../node_modules/bluebird/js/release/async.js.Async._drainQueues (http://localhost:56697/__cypress/runner/cypress_runner.js:162150:10)\n    at Async.drainQueues (http://localhost:56697/__cypress/runner/cypress_runner.js:162024:14)",
                "diff": null
              },
              "uuid": "ce6b15a8-0140-4e9b-879a-75d130a9cd3d",
              "parentUUID": "b48760d7-585f-4e6f-9d15-5acda7a3ddfd",
              "isHook": false,
              "skipped": false
            },
            {
              "title": "Verifica se cada pixel individual dentro do quadro possui a `classe` denominada `pixel`.",
              "fullTitle": "4 - Adicione à página um quadro de pixels, com 25 pixels. Verifica se cada pixel individual dentro do quadro possui a `classe` denominada `pixel`.",
              "timedOut": null,
              "duration": 4782,
              "state": "failed",
              "speed": null,
              "pass": false,
              "fail": true,
              "pending": false,
              "context": null,
              "code": "cy.get('.pixel').should('have.length', 25);",
              "err": {
                "message": "CypressError: Timed out retrying: Expected to find element: '.pixel', but never found it.",
                "estack": "CypressError: Timed out retrying: Expected to find element: '.pixel', but never found it.\n    at cypressErr (http://localhost:56697/__cypress/runner/cypress_runner.js:149934:9)\n    at throwErr (http://localhost:56697/__cypress/runner/cypress_runner.js:149867:11)\n    at Object.throwErrByPath (http://localhost:56697/__cypress/runner/cypress_runner.js:149915:3)\n    at retry (http://localhost:56697/__cypress/runner/cypress_runner.js:144197:19)\n    at onFailFn (http://localhost:56697/__cypress/runner/cypress_runner.js:132448:16)\n    at tryCatcher (http://localhost:56697/__cypress/runner/cypress_runner.js:167415:23)\n    at Promise._settlePromiseFromHandler (http://localhost:56697/__cypress/runner/cypress_runner.js:165351:31)\n    at Promise._settlePromise (http://localhost:56697/__cypress/runner/cypress_runner.js:165408:18)\n    at Promise._settlePromise0 (http://localhost:56697/__cypress/runner/cypress_runner.js:165453:10)\n    at Promise._settlePromises (http://localhost:56697/__cypress/runner/cypress_runner.js:165528:18)\n    at Async../node_modules/bluebird/js/release/async.js.Async._drainQueue (http://localhost:56697/__cypress/runner/cypress_runner.js:162140:16)\n    at Async../node_modules/bluebird/js/release/async.js.Async._drainQueues (http://localhost:56697/__cypress/runner/cypress_runner.js:162150:10)\n    at Async.drainQueues (http://localhost:56697/__cypress/runner/cypress_runner.js:162024:14)",
                "diff": null
              },
              "uuid": "5debc15c-fcc0-467a-8d76-5a88fdc8f9a4",
              "parentUUID": "b48760d7-585f-4e6f-9d15-5acda7a3ddfd",
              "isHook": false,
              "skipped": false
            },
            {
              "title": "Verifica se a cor inicial dos pixels dentro do quadro, ao abrir a página, é branca.",
              "fullTitle": "4 - Adicione à página um quadro de pixels, com 25 pixels. Verifica se a cor inicial dos pixels dentro do quadro, ao abrir a página, é branca.",
              "timedOut": null,
              "duration": 4754,
              "state": "failed",
              "speed": null,
              "pass": false,
              "fail": true,
              "pending": false,
              "context": null,
              "code": "cy.get('.pixel').should('have.length', 25).each(function (pixel) {\n  expect(pixel).to.have.css('background-color', WHITE);\n});",
              "err": {
                "message": "CypressError: Timed out retrying: Expected to find element: '.pixel', but never found it.",
                "estack": "CypressError: Timed out retrying: Expected to find element: '.pixel', but never found it.\n    at cypressErr (http://localhost:56697/__cypress/runner/cypress_runner.js:149934:9)\n    at throwErr (http://localhost:56697/__cypress/runner/cypress_runner.js:149867:11)\n    at Object.throwErrByPath (http://localhost:56697/__cypress/runner/cypress_runner.js:149915:3)\n    at retry (http://localhost:56697/__cypress/runner/cypress_runner.js:144197:19)\n    at onFailFn (http://localhost:56697/__cypress/runner/cypress_runner.js:132448:16)\n    at tryCatcher (http://localhost:56697/__cypress/runner/cypress_runner.js:167415:23)\n    at Promise._settlePromiseFromHandler (http://localhost:56697/__cypress/runner/cypress_runner.js:165351:31)\n    at Promise._settlePromise (http://localhost:56697/__cypress/runner/cypress_runner.js:165408:18)\n    at Promise._settlePromise0 (http://localhost:56697/__cypress/runner/cypress_runner.js:165453:10)\n    at Promise._settlePromises (http://localhost:56697/__cypress/runner/cypress_runner.js:165528:18)\n    at Async../node_modules/bluebird/js/release/async.js.Async._drainQueue (http://localhost:56697/__cypress/runner/cypress_runner.js:162140:16)\n    at Async../node_modules/bluebird/js/release/async.js.Async._drainQueues (http://localhost:56697/__cypress/runner/cypress_runner.js:162150:10)\n    at Async.drainQueues (http://localhost:56697/__cypress/runner/cypress_runner.js:162024:14)",
                "diff": null
              },
              "uuid": "6c07d32a-3f7d-4705-b6e1-6dc0335ea584",
              "parentUUID": "b48760d7-585f-4e6f-9d15-5acda7a3ddfd",
              "isHook": false,
              "skipped": false
            },
            {
              "title": "Verifica se o quadro de pixels aparece abaixo da paleta de cores",
              "fullTitle": "4 - Adicione à página um quadro de pixels, com 25 pixels. Verifica se o quadro de pixels aparece abaixo da paleta de cores",
              "timedOut": null,
              "duration": 4685,
              "state": "failed",
              "speed": null,
              "pass": false,
              "fail": true,
              "pending": false,
              "context": null,
              "code": "cy.get('#color-palette').then(function (palette) {\n  cy.get('#pixel-board').should('be.belowOf', palette);\n});",
              "err": {
                "message": "CypressError: Timed out retrying: Expected to find element: '#pixel-board', but never found it.",
                "estack": "CypressError: Timed out retrying: Expected to find element: '#pixel-board', but never found it.\n    at cypressErr (http://localhost:56697/__cypress/runner/cypress_runner.js:149934:9)\n    at throwErr (http://localhost:56697/__cypress/runner/cypress_runner.js:149867:11)\n    at Object.throwErrByPath (http://localhost:56697/__cypress/runner/cypress_runner.js:149915:3)\n    at retry (http://localhost:56697/__cypress/runner/cypress_runner.js:144197:19)\n    at onFailFn (http://localhost:56697/__cypress/runner/cypress_runner.js:132448:16)\n    at tryCatcher (http://localhost:56697/__cypress/runner/cypress_runner.js:167415:23)\n    at Promise._settlePromiseFromHandler (http://localhost:56697/__cypress/runner/cypress_runner.js:165351:31)\n    at Promise._settlePromise (http://localhost:56697/__cypress/runner/cypress_runner.js:165408:18)\n    at Promise._settlePromise0 (http://localhost:56697/__cypress/runner/cypress_runner.js:165453:10)\n    at Promise._settlePromises (http://localhost:56697/__cypress/runner/cypress_runner.js:165528:18)\n    at Async../node_modules/bluebird/js/release/async.js.Async._drainQueue (http://localhost:56697/__cypress/runner/cypress_runner.js:162140:16)\n    at Async../node_modules/bluebird/js/release/async.js.Async._drainQueues (http://localhost:56697/__cypress/runner/cypress_runner.js:162150:10)\n    at Async.drainQueues (http://localhost:56697/__cypress/runner/cypress_runner.js:162024:14)",
                "diff": null
              },
              "uuid": "eaf56727-0fd3-4bb2-a2e3-4526421385ff",
              "parentUUID": "b48760d7-585f-4e6f-9d15-5acda7a3ddfd",
              "isHook": false,
              "skipped": false
            }
          ],
          "suites": [],
          "passes": [],
          "failures": [
            "ce6b15a8-0140-4e9b-879a-75d130a9cd3d",
            "5debc15c-fcc0-467a-8d76-5a88fdc8f9a4",
            "6c07d32a-3f7d-4705-b6e1-6dc0335ea584",
            "eaf56727-0fd3-4bb2-a2e3-4526421385ff"
          ],
          "pending": [],
          "skipped": [],
          "duration": 18976,
          "root": false,
          "rootEmpty": false,
          "_timeout": 2000
        },
        {
          "uuid": "83428d84-f143-4e5b-80f6-5e60e059db22",
          "title": "5 - Faça com que cada elemento do quadro de pixels possua 40 pixels de largura, 40 pixels de altura e seja delimitado por uma borda preta de 1 pixel.",
          "fullFile": "",
          "file": "",
          "beforeHooks": [],
          "afterHooks": [],
          "tests": [
            {
              "title": "Verifica se o quadro de pixels tem altura e comprimento de 5 elementos",
              "fullTitle": "5 - Faça com que cada elemento do quadro de pixels possua 40 pixels de largura, 40 pixels de altura e seja delimitado por uma borda preta de 1 pixel. Verifica se o quadro de pixels tem altura e comprimento de 5 elementos",
              "timedOut": null,
              "duration": 4679,
              "state": "failed",
              "speed": null,
              "pass": false,
              "fail": true,
              "pending": false,
              "context": null,
              "code": "cy.get('.pixel').should('have.length', 25).each(function (pixel) {\n  expect(pixel).to.have.css('background-color', WHITE);\n}).and(function (pixels) {\n  var rows = chunk(pixels, 5);\n  rows.forEach(function (row) {\n    for (var index = 1; index < row.length; index += 1) {\n      var current = pixels[index];\n      var previous = pixels[index - 1];\n      cy.wrap(current).should('be.onTheRightOf', previous).and('be.horizontallyAlignedWith', previous);\n    }\n  });\n  for (var index = 1; index < 5; index += 1) {\n    expect(pixels[index * 5]).to.be.belowOf(pixels[(index - 1) * 5]);\n  }\n});",
              "err": {
                "message": "CypressError: Timed out retrying: Expected to find element: '.pixel', but never found it.",
                "estack": "CypressError: Timed out retrying: Expected to find element: '.pixel', but never found it.\n    at cypressErr (http://localhost:56697/__cypress/runner/cypress_runner.js:149934:9)\n    at throwErr (http://localhost:56697/__cypress/runner/cypress_runner.js:149867:11)\n    at Object.throwErrByPath (http://localhost:56697/__cypress/runner/cypress_runner.js:149915:3)\n    at retry (http://localhost:56697/__cypress/runner/cypress_runner.js:144197:19)\n    at onFailFn (http://localhost:56697/__cypress/runner/cypress_runner.js:132448:16)\n    at tryCatcher (http://localhost:56697/__cypress/runner/cypress_runner.js:167415:23)\n    at Promise._settlePromiseFromHandler (http://localhost:56697/__cypress/runner/cypress_runner.js:165351:31)\n    at Promise._settlePromise (http://localhost:56697/__cypress/runner/cypress_runner.js:165408:18)\n    at Promise._settlePromise0 (http://localhost:56697/__cypress/runner/cypress_runner.js:165453:10)\n    at Promise._settlePromises (http://localhost:56697/__cypress/runner/cypress_runner.js:165528:18)\n    at Async../node_modules/bluebird/js/release/async.js.Async._drainQueue (http://localhost:56697/__cypress/runner/cypress_runner.js:162140:16)\n    at Async../node_modules/bluebird/js/release/async.js.Async._drainQueues (http://localhost:56697/__cypress/runner/cypress_runner.js:162150:10)\n    at Async.drainQueues (http://localhost:56697/__cypress/runner/cypress_runner.js:162024:14)",
                "diff": null
              },
              "uuid": "825449e1-86d6-42f2-9045-3697324f33b7",
              "parentUUID": "83428d84-f143-4e5b-80f6-5e60e059db22",
              "isHook": false,
              "skipped": false
            },
            {
              "title": "Verifica se 40 pixels é o tamanho total do elemento, incluindo seu conteúdo e excluindo a borda preta, que deve ser criada à parte.",
              "fullTitle": "5 - Faça com que cada elemento do quadro de pixels possua 40 pixels de largura, 40 pixels de altura e seja delimitado por uma borda preta de 1 pixel. Verifica se 40 pixels é o tamanho total do elemento, incluindo seu conteúdo e excluindo a borda preta, que deve ser criada à parte.",
              "timedOut": null,
              "duration": 4697,
              "state": "failed",
              "speed": null,
              "pass": false,
              "fail": true,
              "pending": false,
              "context": null,
              "code": "cy.get('.pixel').each(function (pixel) {\n  cy.wrap(pixel).should('have.css', 'height', '40px').and('have.css', 'width', '40px').and('have.css', 'border', \"1px solid \".concat(BLACK));\n});",
              "err": {
                "message": "CypressError: Timed out retrying: Expected to find element: '.pixel', but never found it.",
                "estack": "CypressError: Timed out retrying: Expected to find element: '.pixel', but never found it.\n    at cypressErr (http://localhost:56697/__cypress/runner/cypress_runner.js:149934:9)\n    at throwErr (http://localhost:56697/__cypress/runner/cypress_runner.js:149867:11)\n    at Object.throwErrByPath (http://localhost:56697/__cypress/runner/cypress_runner.js:149915:3)\n    at retry (http://localhost:56697/__cypress/runner/cypress_runner.js:144197:19)\n    at onFailFn (http://localhost:56697/__cypress/runner/cypress_runner.js:132448:16)\n    at tryCatcher (http://localhost:56697/__cypress/runner/cypress_runner.js:167415:23)\n    at Promise._settlePromiseFromHandler (http://localhost:56697/__cypress/runner/cypress_runner.js:165351:31)\n    at Promise._settlePromise (http://localhost:56697/__cypress/runner/cypress_runner.js:165408:18)\n    at Promise._settlePromise0 (http://localhost:56697/__cypress/runner/cypress_runner.js:165453:10)\n    at Promise._settlePromises (http://localhost:56697/__cypress/runner/cypress_runner.js:165528:18)\n    at Async../node_modules/bluebird/js/release/async.js.Async._drainQueue (http://localhost:56697/__cypress/runner/cypress_runner.js:162140:16)\n    at Async../node_modules/bluebird/js/release/async.js.Async._drainQueues (http://localhost:56697/__cypress/runner/cypress_runner.js:162150:10)\n    at Async.drainQueues (http://localhost:56697/__cypress/runner/cypress_runner.js:162024:14)",
                "diff": null
              },
              "uuid": "0f27bbab-d7f1-4f25-a632-ff941c6d8c06",
              "parentUUID": "83428d84-f143-4e5b-80f6-5e60e059db22",
              "isHook": false,
              "skipped": false
            }
          ],
          "suites": [],
          "passes": [],
          "failures": [
            "825449e1-86d6-42f2-9045-3697324f33b7",
            "0f27bbab-d7f1-4f25-a632-ff941c6d8c06"
          ],
          "pending": [],
          "skipped": [],
          "duration": 9376,
          "root": false,
          "rootEmpty": false,
          "_timeout": 2000
        },
        {
          "uuid": "84077529-641f-4bdd-9e12-ab1d69929ce6",
          "title": "6 - Defina a cor preta como cor inicial. Ao carregar a página a cor preta já deve estar selecionada para pintar os pixels",
          "fullFile": "",
          "file": "",
          "beforeHooks": [],
          "afterHooks": [],
          "tests": [
            {
              "title": "Verifica se o elemento da cor preta possui, inicialmente, a `classe` `selected`",
              "fullTitle": "6 - Defina a cor preta como cor inicial. Ao carregar a página a cor preta já deve estar selecionada para pintar os pixels Verifica se o elemento da cor preta possui, inicialmente, a `classe` `selected`",
              "timedOut": null,
              "duration": 4741,
              "state": "failed",
              "speed": null,
              "pass": false,
              "fail": true,
              "pending": false,
              "context": null,
              "code": "cy.get('.selected').first().should('have.css', 'background-color', BLACK);",
              "err": {
                "message": "CypressError: Timed out retrying: Expected to find element: '.selected', but never found it.",
                "estack": "CypressError: Timed out retrying: Expected to find element: '.selected', but never found it.\n    at cypressErr (http://localhost:56697/__cypress/runner/cypress_runner.js:149934:9)\n    at throwErr (http://localhost:56697/__cypress/runner/cypress_runner.js:149867:11)\n    at Object.throwErrByPath (http://localhost:56697/__cypress/runner/cypress_runner.js:149915:3)\n    at retry (http://localhost:56697/__cypress/runner/cypress_runner.js:144197:19)\n    at onFailFn (http://localhost:56697/__cypress/runner/cypress_runner.js:132448:16)\n    at tryCatcher (http://localhost:56697/__cypress/runner/cypress_runner.js:167415:23)\n    at Promise._settlePromiseFromHandler (http://localhost:56697/__cypress/runner/cypress_runner.js:165351:31)\n    at Promise._settlePromise (http://localhost:56697/__cypress/runner/cypress_runner.js:165408:18)\n    at Promise._settlePromise0 (http://localhost:56697/__cypress/runner/cypress_runner.js:165453:10)\n    at Promise._settlePromises (http://localhost:56697/__cypress/runner/cypress_runner.js:165528:18)\n    at Async../node_modules/bluebird/js/release/async.js.Async._drainQueue (http://localhost:56697/__cypress/runner/cypress_runner.js:162140:16)\n    at Async../node_modules/bluebird/js/release/async.js.Async._drainQueues (http://localhost:56697/__cypress/runner/cypress_runner.js:162150:10)\n    at Async.drainQueues (http://localhost:56697/__cypress/runner/cypress_runner.js:162024:14)",
                "diff": null
              },
              "uuid": "95603c89-e102-41ca-bb9c-eef2eab94bcb",
              "parentUUID": "84077529-641f-4bdd-9e12-ab1d69929ce6",
              "isHook": false,
              "skipped": false
            },
            {
              "title": "Verifica se nenhuma outra cor da paleta tem a `classe` `selected`",
              "fullTitle": "6 - Defina a cor preta como cor inicial. Ao carregar a página a cor preta já deve estar selecionada para pintar os pixels Verifica se nenhuma outra cor da paleta tem a `classe` `selected`",
              "timedOut": null,
              "duration": 465,
              "state": "passed",
              "speed": "slow",
              "pass": true,
              "fail": false,
              "pending": false,
              "context": null,
              "code": "cy.get('.color:not(:first-child)').each(function (color) {\n  cy.wrap(color).should('not.have.class', 'selected');\n});",
              "err": {},
              "uuid": "49e6454a-a5a4-4b40-be88-fc35a57b3e23",
              "parentUUID": "84077529-641f-4bdd-9e12-ab1d69929ce6",
              "isHook": false,
              "skipped": false
            }
          ],
          "suites": [],
          "passes": [
            "49e6454a-a5a4-4b40-be88-fc35a57b3e23"
          ],
          "failures": [
            "95603c89-e102-41ca-bb9c-eef2eab94bcb"
          ],
          "pending": [],
          "skipped": [],
          "duration": 5206,
          "root": false,
          "rootEmpty": false,
          "_timeout": 2000
        },
        {
          "uuid": "b618c10e-8409-4530-a9dd-3fcc9f85289b",
          "title": "7 - Clicar em uma das cores da paleta, faz com que ela seja selecionada e utilizada para preencher os pixels no quadro.",
          "fullFile": "",
          "file": "",
          "beforeHooks": [],
          "afterHooks": [],
          "tests": [
            {
              "title": "Verifica se somente uma cor da paleta de cores tem a classe `selected` de cada vez",
              "fullTitle": "7 - Clicar em uma das cores da paleta, faz com que ela seja selecionada e utilizada para preencher os pixels no quadro. Verifica se somente uma cor da paleta de cores tem a classe `selected` de cada vez",
              "timedOut": null,
              "duration": 858,
              "state": "failed",
              "speed": null,
              "pass": false,
              "fail": true,
              "pending": false,
              "context": null,
              "code": "cy.get('.color').each(function (selectedColor, selectedColorIndex) {\n  cy.wrap(selectedColor).click();\n  cy.get('.color').each(function (color, colorIndex) {\n    if (colorIndex === selectedColorIndex) {\n      expect(color).to.have[\"class\"]('selected');\n    } else {\n      expect(color).not.to.have[\"class\"]('selected');\n    }\n  });\n});",
              "err": {
                "message": "AssertionError: expected '<div#black.color>' to have class 'selected'",
                "estack": "AssertionError: expected '<div#black.color>' to have class 'selected'\n    at callback (http://localhost:56697/__cypress/runner/cypress_runner.js:136947:20)\n    at getRet (http://localhost:56697/__cypress/runner/cypress_runner.js:136585:16)\n    at tryCatcher (http://localhost:56697/__cypress/runner/cypress_runner.js:167415:23)\n    at Function.Promise.attempt.Promise.try (http://localhost:56697/__cypress/runner/cypress_runner.js:164690:29)\n    at thenFn (http://localhost:56697/__cypress/runner/cypress_runner.js:136599:23)\n    at yieldItem (http://localhost:56697/__cypress/runner/cypress_runner.js:136954:16)\n    at tryCatcher (http://localhost:56697/__cypress/runner/cypress_runner.js:167415:23)\n    at Object.gotValue (http://localhost:56697/__cypress/runner/cypress_runner.js:166557:18)\n    at Object.gotAccum (http://localhost:56697/__cypress/runner/cypress_runner.js:166546:25)\n    at Object.tryCatcher (http://localhost:56697/__cypress/runner/cypress_runner.js:167415:23)\n    at Promise._settlePromiseFromHandler (http://localhost:56697/__cypress/runner/cypress_runner.js:165351:31)\n    at Promise._settlePromise (http://localhost:56697/__cypress/runner/cypress_runner.js:165408:18)\n    at Promise._settlePromiseCtx (http://localhost:56697/__cypress/runner/cypress_runner.js:165445:10)\n    at Async../node_modules/bluebird/js/release/async.js.Async._drainQueue (http://localhost:56697/__cypress/runner/cypress_runner.js:162145:12)\n    at Async../node_modules/bluebird/js/release/async.js.Async._drainQueues (http://localhost:56697/__cypress/runner/cypress_runner.js:162150:10)\n    at Async.drainQueues (http://localhost:56697/__cypress/runner/cypress_runner.js:162024:14)",
                "diff": "- { '0': <div id=\"black\" class=\"color\"></div>,\n-   length: 1,\n-   jquery: '3.1.1',\n-   constructor: \n-    { [Function: jQuery]\n-      fn: \n-       { jquery: '3.1.1',\n-         constructor: [Circular],\n-         length: 0,\n-         toArray: [Function: toArray],\n-         get: [Function: get],\n-         pushStack: [Function: pushStack],\n-         each: [Function: each],\n-         map: [Function: map],\n-         slice: [Function: slice],\n-         first: [Function: first],\n-         last: [Function: last],\n-         eq: [Function: eq],\n-         end: [Function: end],\n-         push: [Function: push],\n-         sort: [Function: sort],\n-         splice: [Function: splice],\n-         extend: [Function],\n-         find: [Function: find],\n-         filter: [Function: filter],\n-         not: [Function: not],\n-         is: [Function: is],\n-         init: [Function],\n-         has: [Function: has],\n-         closest: [Function: closest],\n-         index: [Function: index],\n-         add: [Function: add],\n-         addBack: [Function: addBack],\n-         parent: [Function],\n-         parents: [Function],\n-         parentsUntil: [Function],\n-         next: [Function],\n-         prev: [Function],\n-         nextAll: [Function],\n-         prevAll: [Function],\n-         nextUntil: [Function],\n-         prevUntil: [Function],\n-         siblings: [Function],\n-         children: [Function],\n-         contents: [Function],\n-         ready: [Function],\n-         data: [Function: data],\n-         removeData: [Function: removeData],\n-         queue: [Function: queue],\n-         dequeue: [Function: dequeue],\n-         clearQueue: [Function: clearQueue],\n-         promise: [Function: promise],\n-         show: [Function],\n-         hide: [Function],\n-         toggle: [Function],\n-         on: [Function: on],\n-         one: [Function: one],\n-         off: [Function: off],\n-         detach: [Function: detach],\n-         remove: [Function: remove],\n-         text: [Function: text],\n-         append: [Function: append],\n-         prepend: [Function: prepend],\n-         before: [Function: before],\n-         after: [Function: after],\n-         empty: [Function: empty],\n-         clone: [Function: clone],\n-         html: [Function: html],\n-         replaceWith: [Function: replaceWith],\n-         appendTo: [Function],\n-         prependTo: [Function],\n-         insertBefore: [Function],\n-         insertAfter: [Function],\n-         replaceAll: [Function],\n-         css: [Function: css],\n-         fadeTo: [Function: fadeTo],\n-         animate: [Function: animate],\n-         stop: [Function: stop],\n-         finish: [Function: finish],\n-         slideDown: [Function],\n-         slideUp: [Function],\n-         slideToggle: [Function],\n-         fadeIn: [Function],\n-         fadeOut: [Function],\n-         fadeToggle: [Function],\n-         delay: [Function],\n-         attr: [Function: attr],\n-         removeAttr: [Function: removeAttr],\n-         prop: [Function: prop],\n-         removeProp: [Function: removeProp],\n-         addClass: [Function: addClass],\n-         removeClass: [Function: removeClass],\n-         toggleClass: [Function: toggleClass],\n-         hasClass: [Function: hasClass],\n-         val: [Function: val],\n-         trigger: [Function: trigger],\n-         triggerHandler: [Function: triggerHandler],\n-         blur: [Function],\n-         focus: [Function],\n-         focusin: [Function],\n-         focusout: [Function],\n-         resize: [Function],\n-         scroll: [Function],\n-         click: [Function],\n-         dblclick: [Function],\n-         mousedown: [Function],\n-         mouseup: [Function],\n-         mousemove: [Function],\n-         mouseover: [Function],\n-         mouseout: [Function],\n-         mouseenter: [Function],\n-         mouseleave: [Function],\n-         change: [Function],\n-         select: [Function],\n-         submit: [Function],\n-         keydown: [Function],\n-         keypress: [Function],\n-         keyup: [Function],\n-         contextmenu: [Function],\n-         hover: [Function: hover],\n-         serialize: [Function: serialize],\n-         serializeArray: [Function: serializeArray],\n-         wrapAll: [Function: wrapAll],\n-         wrapInner: [Function: wrapInner],\n-         wrap: [Function: wrap],\n-         unwrap: [Function: unwrap],\n-         load: [Function],\n-         ajaxStart: [Function],\n-         ajaxStop: [Function],\n-         ajaxComplete: [Function],\n-         ajaxError: [Function],\n-         ajaxSuccess: [Function],\n-         ajaxSend: [Function],\n-         offset: [Function: offset],\n-         position: [Function: position],\n-         offsetParent: [Function: offsetParent],\n-         scrollLeft: [Function],\n-         scrollTop: [Function],\n-         innerHeight: [Function],\n-         height: [Function],\n-         outerHeight: [Function],\n-         innerWidth: [Function],\n-         width: [Function],\n-         outerWidth: [Function],\n-         bind: [Function: bind],\n-         unbind: [Function: unbind],\n-         delegate: [Function: delegate],\n-         undelegate: [Function: undelegate],\n-         scrollTo: [Function] },\n-      extend: [Function],\n-      expando: 'jQuery31105355054028882744',\n-      isReady: true,\n-      error: [Function: error],\n-      noop: [Function: noop],\n-      isFunction: [Function: isFunction],\n-      isArray: [Function: isArray],\n-      isWindow: [Function: isWindow],\n-      isNumeric: [Function: isNumeric],\n-      isPlainObject: [Function: isPlainObject],\n-      isEmptyObject: [Function: isEmptyObject],\n-      type: [Function: type],\n-      globalEval: [Function: globalEval],\n-      camelCase: [Function: camelCase],\n-      nodeName: [Function: nodeName],\n-      each: [Function: each],\n-      trim: [Function: trim],\n-      makeArray: [Function: makeArray],\n-      inArray: [Function: inArray],\n-      merge: [Function: merge],\n-      grep: [Function: grep],\n-      map: [Function: map],\n-      guid: 7,\n-      proxy: [Function: proxy],\n-      now: [Function: now],\n-      support: \n-       { checkClone: true,\n-         noCloneChecked: true,\n-         clearCloneStyle: true,\n-         pixelPosition: [Function: pixelPosition],\n-         boxSizingReliable: [Function: boxSizingReliable],\n-         pixelMarginRight: [Function: pixelMarginRight],\n-         reliableMarginLeft: [Function: reliableMarginLeft],\n-         checkOn: true,\n-         optSelected: true,\n-         radioValue: true,\n-         focusin: false,\n-         cors: true,\n-         ajax: true,\n-         createHTMLDocument: true },\n-      find: \n-       { [Function: Sizzle]\n-         support: [Object],\n-         isXML: [Function],\n-         setDocument: [Function],\n-         matches: [Function],\n-         matchesSelector: [Function],\n-         contains: [Function],\n-         attr: [Function],\n-         escape: [Function],\n-         error: [Function],\n-         uniqueSort: [Function],\n-         getText: [Function],\n-         selectors: [Object],\n-         tokenize: [Function],\n-         compile: [Function],\n-         select: [Function] },\n-      expr: \n-       { cacheLength: 1,\n-         createPseudo: [Function: markFunction],\n-         match: [Object],\n-         attrHandle: [Object],\n-         find: [Object],\n-         relative: [Object],\n-         preFilter: [Object],\n-         filter: [Object],\n-         pseudos: [Object],\n-         filters: [Object],\n-         setFilters: [Object],\n-         ':': [Object] },\n-      unique: [Function],\n-      uniqueSort: [Function],\n-      text: [Function],\n-      isXMLDoc: [Function],\n-      contains: [Function],\n-      escapeSelector: [Function],\n-      filter: [Function],\n-      Callbacks: [Function],\n-      Deferred: { [Function: Deferred] exceptionHook: [Function] },\n-      when: [Function: when],\n-      readyException: [Function],\n-      readyWait: 0,\n-      holdReady: [Function: holdReady],\n-      ready: { [Function: ready] then: [Function: then] },\n-      hasData: [Function: hasData],\n-      data: [Function: data],\n-      removeData: [Function: removeData],\n-      _data: [Function: _data],\n-      _removeData: [Function: _removeData],\n-      queue: [Function: queue],\n-      dequeue: [Function: dequeue],\n-      _queueHooks: [Function: _queueHooks],\n-      event: \n-       { global: [Object],\n-         add: [Function: add],\n-         remove: [Function: remove],\n-         dispatch: [Function: dispatch],\n-         handlers: [Function: handlers],\n-         addProp: [Function: addProp],\n-         fix: [Function: fix],\n-         special: [Object],\n-         trigger: [Function: trigger],\n-         simulate: [Function: simulate] },\n-      removeEvent: [Function],\n-      Event: [Function],\n-      htmlPrefilter: [Function: htmlPrefilter],\n-      clone: [Function: clone],\n-      cleanData: [Function: cleanData],\n-      cssHooks: \n-       { opacity: [Object],\n-         height: [Object],\n-         width: [Object],\n-         marginLeft: [Object],\n-         margin: [Object],\n-         padding: [Object],\n-         borderWidth: [Object],\n-         top: [Object],\n-         left: [Object] },\n-      cssNumber: \n-       { animationIterationCount: true,\n-         columnCount: true,\n-         fillOpacity: true,\n-         flexGrow: true,\n-         flexShrink: true,\n-         fontWeight: true,\n-         lineHeight: true,\n-         opacity: true,\n-         order: true,\n-         orphans: true,\n-         widows: true,\n-         zIndex: true,\n-         zoom: true },\n-      cssProps: \n-       { float: 'cssFloat',\n-         width: 'width',\n-         display: 'display',\n-         boxSizing: 'boxSizing',\n-         height: 'height',\n-         overflow: 'overflow',\n-         overflowY: 'overflowY',\n-         overflowX: 'overflowX',\n-         visibility: 'visibility',\n-         position: 'position',\n-         backgroundColor: 'backgroundColor',\n-         border: 'border',\n-         paddingRight: 'paddingRight',\n-         borderRightWidth: 'borderRightWidth',\n-         paddingLeft: 'paddingLeft',\n-         borderLeftWidth: 'borderLeftWidth',\n-         paddingTop: 'paddingTop',\n-         borderTopWidth: 'borderTopWidth',\n-         paddingBottom: 'paddingBottom',\n-         borderBottomWidth: 'borderBottomWidth' },\n-      style: [Function: style],\n-      css: [Function: css],\n-      Tween: { [Function: Tween] propHooks: [Object] },\n-      easing: \n-       { linear: [Function: linear],\n-         swing: [Function: swing],\n-         _default: 'swing' },\n-      fx: \n-       { [Function: init]\n-         step: {},\n-         tick: [Function],\n-         timer: [Function],\n-         interval: 13,\n-         start: [Function],\n-         stop: [Function],\n-         speeds: [Object] },\n-      Animation: \n-       { [Function: Animation]\n-         tweeners: [Object],\n-         tweener: [Function: tweener],\n-         prefilters: [Object],\n-         prefilter: [Function: prefilter] },\n-      speed: [Function],\n-      timers: [],\n-      attr: [Function: attr],\n-      attrHooks: { type: [Object] },\n-      removeAttr: [Function: removeAttr],\n-      prop: [Function: prop],\n-      propHooks: { tabIndex: [Object] },\n-      propFix: \n-       { for: 'htmlFor',\n-         class: 'className',\n-         tabindex: 'tabIndex',\n-         readonly: 'readOnly',\n-         maxlength: 'maxLength',\n-         cellspacing: 'cellSpacing',\n-         cellpadding: 'cellPadding',\n-         rowspan: 'rowSpan',\n-         colspan: 'colSpan',\n-         usemap: 'useMap',\n-         frameborder: 'frameBorder',\n-         contenteditable: 'contentEditable' },\n-      valHooks: \n-       { option: [Object],\n-         select: [Object],\n-         radio: [Object],\n-         checkbox: [Object] },\n-      parseXML: [Function],\n-      param: [Function],\n-      active: 0,\n-      lastModified: {},\n-      etag: {},\n-      ajaxSettings: \n-       { url: 'http://localhost:56697/__/#/tests/integration/project.spec.js',\n-         type: 'GET',\n-         isLocal: false,\n-         global: true,\n-         processData: true,\n-         async: true,\n-         contentType: 'application/x-www-form-urlencoded; charset=UTF-8',\n-         accepts: [Object],\n-         contents: [Object],\n-         responseFields: [Object],\n-         converters: [Object],\n-         flatOptions: [Object],\n-         xhr: [Function],\n-         jsonp: 'callback',\n-         jsonpCallback: [Function: jsonpCallback],\n-         cache: false },\n-      ajaxSetup: [Function: ajaxSetup],\n-      ajaxPrefilter: [Function],\n-      ajaxTransport: [Function],\n-      ajax: [Function: ajax],\n-      getJSON: [Function: getJSON],\n-      getScript: [Function: getScript],\n-      get: [Function],\n-      post: [Function],\n-      _evalUrl: [Function],\n-      parseHTML: [Function],\n-      offset: { setOffset: [Function: setOffset] },\n-      parseJSON: [Function: parse],\n-      noConflict: [Function],\n-      scrollTo: { [Function] defaults: [Object], max: [Function] } },\n-   toArray: [Function: toArray],\n-   get: [Function: get],\n-   pushStack: [Function: pushStack],\n-   each: [Function: each],\n-   map: [Function: map],\n-   slice: [Function: slice],\n-   first: [Function: first],\n-   last: [Function: last],\n-   eq: [Function: eq],\n-   end: [Function: end],\n-   push: [Function: push],\n-   sort: [Function: sort],\n-   splice: [Function: splice],\n-   extend: [Function],\n-   find: [Function: find],\n-   filter: [Function: filter],\n-   not: [Function: not],\n-   is: [Function: is],\n-   init: [Function],\n-   has: [Function: has],\n-   closest: [Function: closest],\n-   index: [Function: index],\n-   add: [Function: add],\n-   addBack: [Function: addBack],\n-   parent: [Function],\n-   parents: [Function],\n-   parentsUntil: [Function],\n-   next: [Function],\n-   prev: [Function],\n-   nextAll: [Function],\n-   prevAll: [Function],\n-   nextUntil: [Function],\n-   prevUntil: [Function],\n-   siblings: [Function],\n-   children: [Function],\n-   contents: [Function],\n-   ready: [Function],\n-   data: [Function: data],\n-   removeData: [Function: removeData],\n-   queue: [Function: queue],\n-   dequeue: [Function: dequeue],\n-   clearQueue: [Function: clearQueue],\n-   promise: [Function: promise],\n-   show: [Function],\n-   hide: [Function],\n-   toggle: [Function],\n-   on: [Function: on],\n-   one: [Function: one],\n-   off: [Function: off],\n-   detach: [Function: detach],\n-   remove: [Function: remove],\n-   text: [Function: text],\n-   append: [Function: append],\n-   prepend: [Function: prepend],\n-   before: [Function: before],\n-   after: [Function: after],\n-   empty: [Function: empty],\n-   clone: [Function: clone],\n-   html: [Function: html],\n-   replaceWith: [Function: replaceWith],\n-   appendTo: [Function],\n-   prependTo: [Function],\n-   insertBefore: [Function],\n-   insertAfter: [Function],\n-   replaceAll: [Function],\n-   css: [Function: css],\n-   fadeTo: [Function: fadeTo],\n-   animate: [Function: animate],\n-   stop: [Function: stop],\n-   finish: [Function: finish],\n-   slideDown: [Function],\n-   slideUp: [Function],\n-   slideToggle: [Function],\n-   fadeIn: [Function],\n-   fadeOut: [Function],\n-   fadeToggle: [Function],\n-   delay: [Function],\n-   attr: [Function: attr],\n-   removeAttr: [Function: removeAttr],\n-   prop: [Function: prop],\n-   removeProp: [Function: removeProp],\n-   addClass: [Function: addClass],\n-   removeClass: [Function: removeClass],\n-   toggleClass: [Function: toggleClass],\n-   hasClass: [Function: hasClass],\n-   val: [Function: val],\n-   trigger: [Function: trigger],\n-   triggerHandler: [Function: triggerHandler],\n-   blur: [Function],\n-   focus: [Function],\n-   focusin: [Function],\n-   focusout: [Function],\n-   resize: [Function],\n-   scroll: [Function],\n-   click: [Function],\n-   dblclick: [Function],\n-   mousedown: [Function],\n-   mouseup: [Function],\n-   mousemove: [Function],\n-   mouseover: [Function],\n-   mouseout: [Function],\n-   mouseenter: [Function],\n-   mouseleave: [Function],\n-   change: [Function],\n-   select: [Function],\n-   submit: [Function],\n-   keydown: [Function],\n-   keypress: [Function],\n-   keyup: [Function],\n-   contextmenu: [Function],\n-   hover: [Function: hover],\n-   serialize: [Function: serialize],\n-   serializeArray: [Function: serializeArray],\n-   wrapAll: [Function: wrapAll],\n-   wrapInner: [Function: wrapInner],\n-   wrap: [Function: wrap],\n-   unwrap: [Function: unwrap],\n-   load: [Function],\n-   ajaxStart: [Function],\n-   ajaxStop: [Function],\n-   ajaxComplete: [Function],\n-   ajaxError: [Function],\n-   ajaxSuccess: [Function],\n-   ajaxSend: [Function],\n-   offset: [Function: offset],\n-   position: [Function: position],\n-   offsetParent: [Function: offsetParent],\n-   scrollLeft: [Function],\n-   scrollTop: [Function],\n-   innerHeight: [Function],\n-   height: [Function],\n-   outerHeight: [Function],\n-   innerWidth: [Function],\n-   width: [Function],\n-   outerWidth: [Function],\n-   bind: [Function: bind],\n-   unbind: [Function: unbind],\n-   delegate: [Function: delegate],\n-   undelegate: [Function: undelegate],\n-   scrollTo: [Function] }\n+ 'selected'\n"
              },
              "uuid": "e769b203-9762-4ee9-9a28-3e01b116f2c6",
              "parentUUID": "b618c10e-8409-4530-a9dd-3fcc9f85289b",
              "isHook": false,
              "skipped": false
            },
            {
              "title": "Verifica se os pixels dentro do quadro não têm a classe `selected` quando são clicados",
              "fullTitle": "7 - Clicar em uma das cores da paleta, faz com que ela seja selecionada e utilizada para preencher os pixels no quadro. Verifica se os pixels dentro do quadro não têm a classe `selected` quando são clicados",
              "timedOut": null,
              "duration": 4754,
              "state": "failed",
              "speed": null,
              "pass": false,
              "fail": true,
              "pending": false,
              "context": null,
              "code": "cy.get('.color').each(function (color) {\n  var backgroundColor = color.css('background-color');\n  cy.wrap(color).click();\n  cy.get('.pixel').each(function (pixel) {\n    cy.wrap(pixel).click().should('not.have.class', 'selected');\n  });\n});",
              "err": {
                "message": "CypressError: Timed out retrying: Expected to find element: '.pixel', but never found it.",
                "estack": "CypressError: Timed out retrying: Expected to find element: '.pixel', but never found it.\n    at cypressErr (http://localhost:56697/__cypress/runner/cypress_runner.js:149934:9)\n    at throwErr (http://localhost:56697/__cypress/runner/cypress_runner.js:149867:11)\n    at Object.throwErrByPath (http://localhost:56697/__cypress/runner/cypress_runner.js:149915:3)\n    at retry (http://localhost:56697/__cypress/runner/cypress_runner.js:144197:19)\n    at onFailFn (http://localhost:56697/__cypress/runner/cypress_runner.js:132448:16)\n    at tryCatcher (http://localhost:56697/__cypress/runner/cypress_runner.js:167415:23)\n    at Promise._settlePromiseFromHandler (http://localhost:56697/__cypress/runner/cypress_runner.js:165351:31)\n    at Promise._settlePromise (http://localhost:56697/__cypress/runner/cypress_runner.js:165408:18)\n    at Promise._settlePromise0 (http://localhost:56697/__cypress/runner/cypress_runner.js:165453:10)\n    at Promise._settlePromises (http://localhost:56697/__cypress/runner/cypress_runner.js:165528:18)\n    at Async../node_modules/bluebird/js/release/async.js.Async._drainQueue (http://localhost:56697/__cypress/runner/cypress_runner.js:162140:16)\n    at Async../node_modules/bluebird/js/release/async.js.Async._drainQueues (http://localhost:56697/__cypress/runner/cypress_runner.js:162150:10)\n    at Async.drainQueues (http://localhost:56697/__cypress/runner/cypress_runner.js:162024:14)",
                "diff": null
              },
              "uuid": "7db71f18-a965-446b-a892-c2fcd3445220",
              "parentUUID": "b618c10e-8409-4530-a9dd-3fcc9f85289b",
              "isHook": false,
              "skipped": false
            }
          ],
          "suites": [],
          "passes": [],
          "failures": [
            "e769b203-9762-4ee9-9a28-3e01b116f2c6",
            "7db71f18-a965-446b-a892-c2fcd3445220"
          ],
          "pending": [],
          "skipped": [],
          "duration": 5612,
          "root": false,
          "rootEmpty": false,
          "_timeout": 2000
        },
        {
          "uuid": "abe1de0b-76a5-4ad3-ba32-653ec4194fe7",
          "title": "8 - Clicar em um pixel dentro do quadro após selecionar uma cor na paleta, faz com que o pixel seja preenchido com a cor selecionada.",
          "fullFile": "",
          "file": "",
          "beforeHooks": [],
          "afterHooks": [],
          "tests": [
            {
              "title": "Verifica se ao carregar a página deve ser possível pintar os pixels de preto",
              "fullTitle": "8 - Clicar em um pixel dentro do quadro após selecionar uma cor na paleta, faz com que o pixel seja preenchido com a cor selecionada. Verifica se ao carregar a página deve ser possível pintar os pixels de preto",
              "timedOut": null,
              "duration": 4686,
              "state": "failed",
              "speed": null,
              "pass": false,
              "fail": true,
              "pending": false,
              "context": null,
              "code": "cy.get('.pixel').each(function (pixel) {\n  cy.wrap(pixel).click().should('have.css', 'background-color', BLACK);\n});",
              "err": {
                "message": "CypressError: Timed out retrying: Expected to find element: '.pixel', but never found it.",
                "estack": "CypressError: Timed out retrying: Expected to find element: '.pixel', but never found it.\n    at cypressErr (http://localhost:56697/__cypress/runner/cypress_runner.js:149934:9)\n    at throwErr (http://localhost:56697/__cypress/runner/cypress_runner.js:149867:11)\n    at Object.throwErrByPath (http://localhost:56697/__cypress/runner/cypress_runner.js:149915:3)\n    at retry (http://localhost:56697/__cypress/runner/cypress_runner.js:144197:19)\n    at onFailFn (http://localhost:56697/__cypress/runner/cypress_runner.js:132448:16)\n    at tryCatcher (http://localhost:56697/__cypress/runner/cypress_runner.js:167415:23)\n    at Promise._settlePromiseFromHandler (http://localhost:56697/__cypress/runner/cypress_runner.js:165351:31)\n    at Promise._settlePromise (http://localhost:56697/__cypress/runner/cypress_runner.js:165408:18)\n    at Promise._settlePromise0 (http://localhost:56697/__cypress/runner/cypress_runner.js:165453:10)\n    at Promise._settlePromises (http://localhost:56697/__cypress/runner/cypress_runner.js:165528:18)\n    at Async../node_modules/bluebird/js/release/async.js.Async._drainQueue (http://localhost:56697/__cypress/runner/cypress_runner.js:162140:16)\n    at Async../node_modules/bluebird/js/release/async.js.Async._drainQueues (http://localhost:56697/__cypress/runner/cypress_runner.js:162150:10)\n    at Async.drainQueues (http://localhost:56697/__cypress/runner/cypress_runner.js:162024:14)",
                "diff": null
              },
              "uuid": "9ebad9c5-4f6c-45b4-a4a8-c0def80a0322",
              "parentUUID": "abe1de0b-76a5-4ad3-ba32-653ec4194fe7",
              "isHook": false,
              "skipped": false
            },
            {
              "title": "Verifica se após selecionar uma outra cor na paleta, é possível pintar os pixels com essa cor",
              "fullTitle": "8 - Clicar em um pixel dentro do quadro após selecionar uma cor na paleta, faz com que o pixel seja preenchido com a cor selecionada. Verifica se após selecionar uma outra cor na paleta, é possível pintar os pixels com essa cor",
              "timedOut": null,
              "duration": 4838,
              "state": "failed",
              "speed": null,
              "pass": false,
              "fail": true,
              "pending": false,
              "context": null,
              "code": "cy.get('.color').each(function (color) {\n  var backgroundColor = color.css('background-color');\n  cy.wrap(color).click();\n  cy.get('.pixel').each(function (pixel) {\n    cy.wrap(pixel).click().should('have.css', 'background-color', backgroundColor);\n  });\n});",
              "err": {
                "message": "CypressError: Timed out retrying: Expected to find element: '.pixel', but never found it.",
                "estack": "CypressError: Timed out retrying: Expected to find element: '.pixel', but never found it.\n    at cypressErr (http://localhost:56697/__cypress/runner/cypress_runner.js:149934:9)\n    at throwErr (http://localhost:56697/__cypress/runner/cypress_runner.js:149867:11)\n    at Object.throwErrByPath (http://localhost:56697/__cypress/runner/cypress_runner.js:149915:3)\n    at retry (http://localhost:56697/__cypress/runner/cypress_runner.js:144197:19)\n    at onFailFn (http://localhost:56697/__cypress/runner/cypress_runner.js:132448:16)\n    at tryCatcher (http://localhost:56697/__cypress/runner/cypress_runner.js:167415:23)\n    at Promise._settlePromiseFromHandler (http://localhost:56697/__cypress/runner/cypress_runner.js:165351:31)\n    at Promise._settlePromise (http://localhost:56697/__cypress/runner/cypress_runner.js:165408:18)\n    at Promise._settlePromise0 (http://localhost:56697/__cypress/runner/cypress_runner.js:165453:10)\n    at Promise._settlePromises (http://localhost:56697/__cypress/runner/cypress_runner.js:165528:18)\n    at Async../node_modules/bluebird/js/release/async.js.Async._drainQueue (http://localhost:56697/__cypress/runner/cypress_runner.js:162140:16)\n    at Async../node_modules/bluebird/js/release/async.js.Async._drainQueues (http://localhost:56697/__cypress/runner/cypress_runner.js:162150:10)\n    at Async.drainQueues (http://localhost:56697/__cypress/runner/cypress_runner.js:162024:14)",
                "diff": null
              },
              "uuid": "0147b959-68c6-4bdc-9ab1-15f820726158",
              "parentUUID": "abe1de0b-76a5-4ad3-ba32-653ec4194fe7",
              "isHook": false,
              "skipped": false
            },
            {
              "title": "Verifica se somente o pixel que foi clicado foi preenchido com a cor selecionada, sem influenciar na cor dos demais pixels.",
              "fullTitle": "8 - Clicar em um pixel dentro do quadro após selecionar uma cor na paleta, faz com que o pixel seja preenchido com a cor selecionada. Verifica se somente o pixel que foi clicado foi preenchido com a cor selecionada, sem influenciar na cor dos demais pixels.",
              "timedOut": null,
              "duration": 4887,
              "state": "failed",
              "speed": null,
              "pass": false,
              "fail": true,
              "pending": false,
              "context": null,
              "code": "var colorToPixelIndexMap = {\n  0: 6,\n  1: 8,\n  2: 16,\n  3: 18\n};\ncy.get('.color').each(function (color, index) {\n  cy.wrap(color).click();\n  var backgroundColor = color.css('background-color');\n  var clickedPixelIndex = colorToPixelIndexMap[index];\n  cy.get('.pixel').eq(clickedPixelIndex).click();\n  cy.get('.pixel').eq(clickedPixelIndex - 1).should('not.have.css', 'background-color', backgroundColor);\n  cy.get('.pixel').eq(clickedPixelIndex + 1).should('not.have.css', 'background-color', backgroundColor);\n  cy.get('.pixel').eq(clickedPixelIndex - 5).should('not.have.css', 'background-color', backgroundColor);\n  cy.get('.pixel').eq(clickedPixelIndex + 5).should('not.have.css', 'background-color', backgroundColor);\n  cy.get('.pixel').eq(clickedPixelIndex - 6).should('not.have.css', 'background-color', backgroundColor);\n  cy.get('.pixel').eq(clickedPixelIndex - 4).should('not.have.css', 'background-color', backgroundColor);\n  cy.get('.pixel').eq(clickedPixelIndex + 4).should('not.have.css', 'background-color', backgroundColor);\n  cy.get('.pixel').eq(clickedPixelIndex + 6).should('not.have.css', 'background-color', backgroundColor);\n});",
              "err": {
                "message": "CypressError: Timed out retrying: Expected to find element: '.pixel', but never found it.",
                "estack": "CypressError: Timed out retrying: Expected to find element: '.pixel', but never found it.\n    at cypressErr (http://localhost:56697/__cypress/runner/cypress_runner.js:149934:9)\n    at throwErr (http://localhost:56697/__cypress/runner/cypress_runner.js:149867:11)\n    at Object.throwErrByPath (http://localhost:56697/__cypress/runner/cypress_runner.js:149915:3)\n    at retry (http://localhost:56697/__cypress/runner/cypress_runner.js:144197:19)\n    at onFailFn (http://localhost:56697/__cypress/runner/cypress_runner.js:132448:16)\n    at tryCatcher (http://localhost:56697/__cypress/runner/cypress_runner.js:167415:23)\n    at Promise._settlePromiseFromHandler (http://localhost:56697/__cypress/runner/cypress_runner.js:165351:31)\n    at Promise._settlePromise (http://localhost:56697/__cypress/runner/cypress_runner.js:165408:18)\n    at Promise._settlePromise0 (http://localhost:56697/__cypress/runner/cypress_runner.js:165453:10)\n    at Promise._settlePromises (http://localhost:56697/__cypress/runner/cypress_runner.js:165528:18)\n    at Async../node_modules/bluebird/js/release/async.js.Async._drainQueue (http://localhost:56697/__cypress/runner/cypress_runner.js:162140:16)\n    at Async../node_modules/bluebird/js/release/async.js.Async._drainQueues (http://localhost:56697/__cypress/runner/cypress_runner.js:162150:10)\n    at Async.drainQueues (http://localhost:56697/__cypress/runner/cypress_runner.js:162024:14)",
                "diff": null
              },
              "uuid": "96568c46-46ba-43f8-8cc9-1486108c7281",
              "parentUUID": "abe1de0b-76a5-4ad3-ba32-653ec4194fe7",
              "isHook": false,
              "skipped": false
            }
          ],
          "suites": [],
          "passes": [],
          "failures": [
            "9ebad9c5-4f6c-45b4-a4a8-c0def80a0322",
            "0147b959-68c6-4bdc-9ab1-15f820726158",
            "96568c46-46ba-43f8-8cc9-1486108c7281"
          ],
          "pending": [],
          "skipped": [],
          "duration": 14411,
          "root": false,
          "rootEmpty": false,
          "_timeout": 2000
        },
        {
          "uuid": "bd694032-cf96-4cb3-8d45-853e0d0ac488",
          "title": "9 - Crie um botão que, ao ser clicado, limpa o quadro preenchendo a cor de todos seus pixels com branco.",
          "fullFile": "",
          "file": "",
          "beforeHooks": [],
          "afterHooks": [],
          "tests": [
            {
              "title": "Verifica se o botão tem o `id` denominado `clear-board`",
              "fullTitle": "9 - Crie um botão que, ao ser clicado, limpa o quadro preenchendo a cor de todos seus pixels com branco. Verifica se o botão tem o `id` denominado `clear-board`",
              "timedOut": null,
              "duration": 4839,
              "state": "failed",
              "speed": null,
              "pass": false,
              "fail": true,
              "pending": false,
              "context": null,
              "code": "cy.get('#clear-board').should('be.visible');",
              "err": {
                "message": "CypressError: Timed out retrying: Expected to find element: '#clear-board', but never found it.",
                "estack": "CypressError: Timed out retrying: Expected to find element: '#clear-board', but never found it.\n    at cypressErr (http://localhost:56697/__cypress/runner/cypress_runner.js:149934:9)\n    at throwErr (http://localhost:56697/__cypress/runner/cypress_runner.js:149867:11)\n    at Object.throwErrByPath (http://localhost:56697/__cypress/runner/cypress_runner.js:149915:3)\n    at retry (http://localhost:56697/__cypress/runner/cypress_runner.js:144197:19)\n    at onFailFn (http://localhost:56697/__cypress/runner/cypress_runner.js:132448:16)\n    at tryCatcher (http://localhost:56697/__cypress/runner/cypress_runner.js:167415:23)\n    at Promise._settlePromiseFromHandler (http://localhost:56697/__cypress/runner/cypress_runner.js:165351:31)\n    at Promise._settlePromise (http://localhost:56697/__cypress/runner/cypress_runner.js:165408:18)\n    at Promise._settlePromise0 (http://localhost:56697/__cypress/runner/cypress_runner.js:165453:10)\n    at Promise._settlePromises (http://localhost:56697/__cypress/runner/cypress_runner.js:165528:18)\n    at Async../node_modules/bluebird/js/release/async.js.Async._drainQueue (http://localhost:56697/__cypress/runner/cypress_runner.js:162140:16)\n    at Async../node_modules/bluebird/js/release/async.js.Async._drainQueues (http://localhost:56697/__cypress/runner/cypress_runner.js:162150:10)\n    at Async.drainQueues (http://localhost:56697/__cypress/runner/cypress_runner.js:162024:14)",
                "diff": null
              },
              "uuid": "f3654967-9430-4a06-a2b8-9f2908820728",
              "parentUUID": "bd694032-cf96-4cb3-8d45-853e0d0ac488",
              "isHook": false,
              "skipped": false
            },
            {
              "title": "Verifica se o botão está posicionado entre a paleta de cores e o quadro de pixels",
              "fullTitle": "9 - Crie um botão que, ao ser clicado, limpa o quadro preenchendo a cor de todos seus pixels com branco. Verifica se o botão está posicionado entre a paleta de cores e o quadro de pixels",
              "timedOut": null,
              "duration": 4816,
              "state": "failed",
              "speed": null,
              "pass": false,
              "fail": true,
              "pending": false,
              "context": null,
              "code": "cy.get('#color-palette').then(function (palette) {\n  cy.get('#clear-board').should('be.belowOf', palette);\n});\ncy.get('#clear-board').then(function (clearBtn) {\n  cy.get('#pixel-board').should('be.belowOf', clearBtn);\n});",
              "err": {
                "message": "CypressError: Timed out retrying: Expected to find element: '#clear-board', but never found it.",
                "estack": "CypressError: Timed out retrying: Expected to find element: '#clear-board', but never found it.\n    at cypressErr (http://localhost:56697/__cypress/runner/cypress_runner.js:149934:9)\n    at throwErr (http://localhost:56697/__cypress/runner/cypress_runner.js:149867:11)\n    at Object.throwErrByPath (http://localhost:56697/__cypress/runner/cypress_runner.js:149915:3)\n    at retry (http://localhost:56697/__cypress/runner/cypress_runner.js:144197:19)\n    at onFailFn (http://localhost:56697/__cypress/runner/cypress_runner.js:132448:16)\n    at tryCatcher (http://localhost:56697/__cypress/runner/cypress_runner.js:167415:23)\n    at Promise._settlePromiseFromHandler (http://localhost:56697/__cypress/runner/cypress_runner.js:165351:31)\n    at Promise._settlePromise (http://localhost:56697/__cypress/runner/cypress_runner.js:165408:18)\n    at Promise._settlePromise0 (http://localhost:56697/__cypress/runner/cypress_runner.js:165453:10)\n    at Promise._settlePromises (http://localhost:56697/__cypress/runner/cypress_runner.js:165528:18)\n    at Async../node_modules/bluebird/js/release/async.js.Async._drainQueue (http://localhost:56697/__cypress/runner/cypress_runner.js:162140:16)\n    at Async../node_modules/bluebird/js/release/async.js.Async._drainQueues (http://localhost:56697/__cypress/runner/cypress_runner.js:162150:10)\n    at Async.drainQueues (http://localhost:56697/__cypress/runner/cypress_runner.js:162024:14)",
                "diff": null
              },
              "uuid": "385608e2-8bc7-492a-b5e8-046a62f07352",
              "parentUUID": "bd694032-cf96-4cb3-8d45-853e0d0ac488",
              "isHook": false,
              "skipped": false
            },
            {
              "title": "Verifica se o texto do botão é 'Limpar'",
              "fullTitle": "9 - Crie um botão que, ao ser clicado, limpa o quadro preenchendo a cor de todos seus pixels com branco. Verifica se o texto do botão é 'Limpar'",
              "timedOut": null,
              "duration": 4762,
              "state": "failed",
              "speed": null,
              "pass": false,
              "fail": true,
              "pending": false,
              "context": null,
              "code": "cy.get('#clear-board').should('contain.text', 'Limpar');",
              "err": {
                "message": "CypressError: Timed out retrying: Expected to find element: '#clear-board', but never found it.",
                "estack": "CypressError: Timed out retrying: Expected to find element: '#clear-board', but never found it.\n    at cypressErr (http://localhost:56697/__cypress/runner/cypress_runner.js:149934:9)\n    at throwErr (http://localhost:56697/__cypress/runner/cypress_runner.js:149867:11)\n    at Object.throwErrByPath (http://localhost:56697/__cypress/runner/cypress_runner.js:149915:3)\n    at retry (http://localhost:56697/__cypress/runner/cypress_runner.js:144197:19)\n    at onFailFn (http://localhost:56697/__cypress/runner/cypress_runner.js:132448:16)\n    at tryCatcher (http://localhost:56697/__cypress/runner/cypress_runner.js:167415:23)\n    at Promise._settlePromiseFromHandler (http://localhost:56697/__cypress/runner/cypress_runner.js:165351:31)\n    at Promise._settlePromise (http://localhost:56697/__cypress/runner/cypress_runner.js:165408:18)\n    at Promise._settlePromise0 (http://localhost:56697/__cypress/runner/cypress_runner.js:165453:10)\n    at Promise._settlePromises (http://localhost:56697/__cypress/runner/cypress_runner.js:165528:18)\n    at Async../node_modules/bluebird/js/release/async.js.Async._drainQueue (http://localhost:56697/__cypress/runner/cypress_runner.js:162140:16)\n    at Async../node_modules/bluebird/js/release/async.js.Async._drainQueues (http://localhost:56697/__cypress/runner/cypress_runner.js:162150:10)\n    at Async.drainQueues (http://localhost:56697/__cypress/runner/cypress_runner.js:162024:14)",
                "diff": null
              },
              "uuid": "888a9490-b125-48a3-b80e-485a4e9099f9",
              "parentUUID": "bd694032-cf96-4cb3-8d45-853e0d0ac488",
              "isHook": false,
              "skipped": false
            },
            {
              "title": "Verifica se ao clicar no botão, o quadro de pixels é totalmente preenchido de branco",
              "fullTitle": "9 - Crie um botão que, ao ser clicado, limpa o quadro preenchendo a cor de todos seus pixels com branco. Verifica se ao clicar no botão, o quadro de pixels é totalmente preenchido de branco",
              "timedOut": null,
              "duration": 4874,
              "state": "failed",
              "speed": null,
              "pass": false,
              "fail": true,
              "pending": false,
              "context": null,
              "code": "cy.get('.color').eq(1).then(function (color) {\n  var backgroundColor = color.css('background-color');\n  cy.wrap(color).click();\n  cy.get('.pixel').each(function (pixel) {\n    cy.wrap(pixel).click().should('have.css', 'background-color', backgroundColor);\n  });\n});\ncy.get('#clear-board').click();\ncy.get('.pixel').each(function (pixel) {\n  cy.wrap(pixel).should('have.css', 'background-color', WHITE);\n});",
              "err": {
                "message": "CypressError: Timed out retrying: Expected to find element: '.pixel', but never found it.",
                "estack": "CypressError: Timed out retrying: Expected to find element: '.pixel', but never found it.\n    at cypressErr (http://localhost:56697/__cypress/runner/cypress_runner.js:149934:9)\n    at throwErr (http://localhost:56697/__cypress/runner/cypress_runner.js:149867:11)\n    at Object.throwErrByPath (http://localhost:56697/__cypress/runner/cypress_runner.js:149915:3)\n    at retry (http://localhost:56697/__cypress/runner/cypress_runner.js:144197:19)\n    at onFailFn (http://localhost:56697/__cypress/runner/cypress_runner.js:132448:16)\n    at tryCatcher (http://localhost:56697/__cypress/runner/cypress_runner.js:167415:23)\n    at Promise._settlePromiseFromHandler (http://localhost:56697/__cypress/runner/cypress_runner.js:165351:31)\n    at Promise._settlePromise (http://localhost:56697/__cypress/runner/cypress_runner.js:165408:18)\n    at Promise._settlePromise0 (http://localhost:56697/__cypress/runner/cypress_runner.js:165453:10)\n    at Promise._settlePromises (http://localhost:56697/__cypress/runner/cypress_runner.js:165528:18)\n    at Async../node_modules/bluebird/js/release/async.js.Async._drainQueue (http://localhost:56697/__cypress/runner/cypress_runner.js:162140:16)\n    at Async../node_modules/bluebird/js/release/async.js.Async._drainQueues (http://localhost:56697/__cypress/runner/cypress_runner.js:162150:10)\n    at Async.drainQueues (http://localhost:56697/__cypress/runner/cypress_runner.js:162024:14)",
                "diff": null
              },
              "uuid": "c2b67a70-f0a7-4111-87ff-f3653e854085",
              "parentUUID": "bd694032-cf96-4cb3-8d45-853e0d0ac488",
              "isHook": false,
              "skipped": false
            }
          ],
          "suites": [],
          "passes": [],
          "failures": [
            "f3654967-9430-4a06-a2b8-9f2908820728",
            "385608e2-8bc7-492a-b5e8-046a62f07352",
            "888a9490-b125-48a3-b80e-485a4e9099f9",
            "c2b67a70-f0a7-4111-87ff-f3653e854085"
          ],
          "pending": [],
          "skipped": [],
[...]
                "diff": null
              },
              "uuid": "98f71300-3eab-4123-8862-2f75314afa10",
              "parentUUID": "a1889db5-6ac9-4061-b19f-64c81d7f2d7f",
              "isHook": false,
              "skipped": false
            },
            {
              "title": "Verifica se o novo quadro tem todos os pixels preenchidos com a cor branca",
              "fullTitle": "10 - Faça o quadro de pixels ter seu tamanho definido pelo usuário. Verifica se o novo quadro tem todos os pixels preenchidos com a cor branca",
              "timedOut": null,
              "duration": 4816,
              "state": "failed",
              "speed": null,
              "pass": false,
              "fail": true,
              "pending": false,
              "context": null,
              "code": "cy.get('#board-size').clear().type(6);\ncy.get('#generate-board').click();\ncy.get('.pixel').should('have.length', 36).each(function (pixel) {\n  expect(pixel).to.have.css('background-color', WHITE);\n});",
              "err": {
                "message": "CypressError: Timed out retrying: Expected to find element: '#board-size', but never found it.",
                "estack": "CypressError: Timed out retrying: Expected to find element: '#board-size', but never found it.\n    at cypressErr (http://localhost:56697/__cypress/runner/cypress_runner.js:149934:9)\n    at throwErr (http://localhost:56697/__cypress/runner/cypress_runner.js:149867:11)\n    at Object.throwErrByPath (http://localhost:56697/__cypress/runner/cypress_runner.js:149915:3)\n    at retry (http://localhost:56697/__cypress/runner/cypress_runner.js:144197:19)\n    at onFailFn (http://localhost:56697/__cypress/runner/cypress_runner.js:132448:16)\n    at tryCatcher (http://localhost:56697/__cypress/runner/cypress_runner.js:167415:23)\n    at Promise._settlePromiseFromHandler (http://localhost:56697/__cypress/runner/cypress_runner.js:165351:31)\n    at Promise._settlePromise (http://localhost:56697/__cypress/runner/cypress_runner.js:165408:18)\n    at Promise._settlePromise0 (http://localhost:56697/__cypress/runner/cypress_runner.js:165453:10)\n    at Promise._settlePromises (http://localhost:56697/__cypress/runner/cypress_runner.js:165528:18)\n    at Async../node_modules/bluebird/js/release/async.js.Async._drainQueue (http://localhost:56697/__cypress/runner/cypress_runner.js:162140:16)\n    at Async../node_modules/bluebird/js/release/async.js.Async._drainQueues (http://localhost:56697/__cypress/runner/cypress_runner.js:162150:10)\n    at Async.drainQueues (http://localhost:56697/__cypress/runner/cypress_runner.js:162024:14)",
                "diff": null
              },
              "uuid": "e26a21b1-f582-4057-a715-31ee776b0a7a",
              "parentUUID": "a1889db5-6ac9-4061-b19f-64c81d7f2d7f",
              "isHook": false,
              "skipped": false
            }
          ],
          "suites": [],
          "passes": [],
          "failures": [
            "cfb0ade8-4cfe-4e16-a25d-42ca4d6c9006",
            "d77f2e4c-642e-4351-9a42-4dda38e811b8",
            "c35ccc74-74e4-4d51-90f8-b8ca93c7847a",
            "4dc00d30-e493-4ce3-9b3e-f8ec55f45512",
            "15705c27-b0fb-4fb6-b6b4-f6dca7fdf00b",
            "35a00dec-ae7d-4fc5-a614-f710ec975872",
            "cd4fff04-6fcf-41ef-8861-c010784bbe57",
            "98f71300-3eab-4123-8862-2f75314afa10",
            "e26a21b1-f582-4057-a715-31ee776b0a7a"
          ],
          "pending": [],
          "skipped": [],
          "duration": 43415,
          "root": false,
          "rootEmpty": false,
          "_timeout": 2000
        },
        {
          "uuid": "86a13237-361e-4f0c-b354-e2208e9031d8",
          "title": "11 - Limite o tamanho mínimo e máximo do board.",
          "fullFile": "",
          "file": "",
          "beforeHooks": [],
          "afterHooks": [],
          "tests": [
            {
              "title": "Verifica se a altura máxima do board é 50",
              "fullTitle": "11 - Limite o tamanho mínimo e máximo do board. Verifica se a altura máxima do board é 50",
              "timedOut": null,
              "duration": 4814,
              "state": "failed",
              "speed": null,
              "pass": false,
              "fail": true,
              "pending": false,
              "context": null,
              "code": "cy.get('#board-size').clear().type(50);\ncy.get('#generate-board').click();\ncy.get('.pixel').should('have.length', 2500);",
              "err": {
                "message": "CypressError: Timed out retrying: Expected to find element: '#board-size', but never found it.",
                "estack": "CypressError: Timed out retrying: Expected to find element: '#board-size', but never found it.\n    at cypressErr (http://localhost:56697/__cypress/runner/cypress_runner.js:149934:9)\n    at throwErr (http://localhost:56697/__cypress/runner/cypress_runner.js:149867:11)\n    at Object.throwErrByPath (http://localhost:56697/__cypress/runner/cypress_runner.js:149915:3)\n    at retry (http://localhost:56697/__cypress/runner/cypress_runner.js:144197:19)\n    at onFailFn (http://localhost:56697/__cypress/runner/cypress_runner.js:132448:16)\n    at tryCatcher (http://localhost:56697/__cypress/runner/cypress_runner.js:167415:23)\n    at Promise._settlePromiseFromHandler (http://localhost:56697/__cypress/runner/cypress_runner.js:165351:31)\n    at Promise._settlePromise (http://localhost:56697/__cypress/runner/cypress_runner.js:165408:18)\n    at Promise._settlePromise0 (http://localhost:56697/__cypress/runner/cypress_runner.js:165453:10)\n    at Promise._settlePromises (http://localhost:56697/__cypress/runner/cypress_runner.js:165528:18)\n    at Async../node_modules/bluebird/js/release/async.js.Async._drainQueue (http://localhost:56697/__cypress/runner/cypress_runner.js:162140:16)\n    at Async../node_modules/bluebird/js/release/async.js.Async._drainQueues (http://localhost:56697/__cypress/runner/cypress_runner.js:162150:10)\n    at Async.drainQueues (http://localhost:56697/__cypress/runner/cypress_runner.js:162024:14)",
                "diff": null
              },
              "uuid": "a3ce8686-df22-4545-bf3d-83b0b44d66ce",
              "parentUUID": "86a13237-361e-4f0c-b354-e2208e9031d8",
              "isHook": false,
              "skipped": false
            },
            {
              "title": "Verifica se a altura do board é 5 quando um valor menor é colocado no input",
              "fullTitle": "11 - Limite o tamanho mínimo e máximo do board. Verifica se a altura do board é 5 quando um valor menor é colocado no input",
              "timedOut": null,
              "duration": 4693,
              "state": "failed",
              "speed": null,
              "pass": false,
              "fail": true,
              "pending": false,
              "context": null,
              "code": "cy.get('#board-size').clear().type(4);\ncy.get('#generate-board').click();\ncy.get('.pixel').should('have.length', 25);",
              "err": {
                "message": "CypressError: Timed out retrying: Expected to find element: '#board-size', but never found it.",
                "estack": "CypressError: Timed out retrying: Expected to find element: '#board-size', but never found it.\n    at cypressErr (http://localhost:56697/__cypress/runner/cypress_runner.js:149934:9)\n    at throwErr (http://localhost:56697/__cypress/runner/cypress_runner.js:149867:11)\n    at Object.throwErrByPath (http://localhost:56697/__cypress/runner/cypress_runner.js:149915:3)\n    at retry (http://localhost:56697/__cypress/runner/cypress_runner.js:144197:19)\n    at onFailFn (http://localhost:56697/__cypress/runner/cypress_runner.js:132448:16)\n    at tryCatcher (http://localhost:56697/__cypress/runner/cypress_runner.js:167415:23)\n    at Promise._settlePromiseFromHandler (http://localhost:56697/__cypress/runner/cypress_runner.js:165351:31)\n    at Promise._settlePromise (http://localhost:56697/__cypress/runner/cypress_runner.js:165408:18)\n    at Promise._settlePromise0 (http://localhost:56697/__cypress/runner/cypress_runner.js:165453:10)\n    at Promise._settlePromises (http://localhost:56697/__cypress/runner/cypress_runner.js:165528:18)\n    at Async../node_modules/bluebird/js/release/async.js.Async._drainQueue (http://localhost:56697/__cypress/runner/cypress_runner.js:162140:16)\n    at Async../node_modules/bluebird/js/release/async.js.Async._drainQueues (http://localhost:56697/__cypress/runner/cypress_runner.js:162150:10)\n    at Async.drainQueues (http://localhost:56697/__cypress/runner/cypress_runner.js:162024:14)",
                "diff": null
              },
              "uuid": "0eff3276-aee5-4c91-9e26-ab6d62aec169",
              "parentUUID": "86a13237-361e-4f0c-b354-e2208e9031d8",
              "isHook": false,
              "skipped": false
            },
            {
              "title": "Verifica se a altura do board é 50 quando um valor maior é colocado no input",
              "fullTitle": "11 - Limite o tamanho mínimo e máximo do board. Verifica se a altura do board é 50 quando um valor maior é colocado no input",
              "timedOut": null,
              "duration": 4830,
              "state": "failed",
              "speed": null,
              "pass": false,
              "fail": true,
              "pending": false,
              "context": null,
              "code": "cy.get('#board-size').clear().type(51);\ncy.get('#generate-board').click();\ncy.get('.pixel').should('have.length', 2500);",
              "err": {
                "message": "CypressError: Timed out retrying: Expected to find element: '#board-size', but never found it.",
                "estack": "CypressError: Timed out retrying: Expected to find element: '#board-size', but never found it.\n    at cypressErr (http://localhost:56697/__cypress/runner/cypress_runner.js:149934:9)\n    at throwErr (http://localhost:56697/__cypress/runner/cypress_runner.js:149867:11)\n    at Object.throwErrByPath (http://localhost:56697/__cypress/runner/cypress_runner.js:149915:3)\n    at retry (http://localhost:56697/__cypress/runner/cypress_runner.js:144197:19)\n    at onFailFn (http://localhost:56697/__cypress/runner/cypress_runner.js:132448:16)\n    at tryCatcher (http://localhost:56697/__cypress/runner/cypress_runner.js:167415:23)\n    at Promise._settlePromiseFromHandler (http://localhost:56697/__cypress/runner/cypress_runner.js:165351:31)\n    at Promise._settlePromise (http://localhost:56697/__cypress/runner/cypress_runner.js:165408:18)\n    at Promise._settlePromise0 (http://localhost:56697/__cypress/runner/cypress_runner.js:165453:10)\n    at Promise._settlePromises (http://localhost:56697/__cypress/runner/cypress_runner.js:165528:18)\n    at Async../node_modules/bluebird/js/release/async.js.Async._drainQueue (http://localhost:56697/__cypress/runner/cypress_runner.js:162140:16)\n    at Async../node_modules/bluebird/js/release/async.js.Async._drainQueues (http://localhost:56697/__cypress/runner/cypress_runner.js:162150:10)\n    at Async.drainQueues (http://localhost:56697/__cypress/runner/cypress_runner.js:162024:14)",
                "diff": null
              },
              "uuid": "a1ad8a14-6c2e-460a-849a-46fe5246c20a",
              "parentUUID": "86a13237-361e-4f0c-b354-e2208e9031d8",
              "isHook": false,
              "skipped": false
            }
          ],
          "suites": [],
          "passes": [],
          "failures": [
            "a3ce8686-df22-4545-bf3d-83b0b44d66ce",
            "0eff3276-aee5-4c91-9e26-ab6d62aec169",
            "a1ad8a14-6c2e-460a-849a-46fe5246c20a"
          ],
          "pending": [],
          "skipped": [],
          "duration": 14337,
          "root": false,
          "rootEmpty": false,
          "_timeout": 2000
        },
        {
          "uuid": "5854b3b8-4cf0-4d0c-9e67-16a6a85c9058",
          "title": "12 - Faça com que as cores da paleta sejam geradas aleatoriamente ao carregar a página.",
          "fullFile": "",
          "file": "",
          "beforeHooks": [],
          "afterHooks": [],
          "tests": [
            {
              "title": "Verifica se as cores geradas na paleta são diferentes a cada carregamento da página",
              "fullTitle": "12 - Faça com que as cores da paleta sejam geradas aleatoriamente ao carregar a página. Verifica se as cores geradas na paleta são diferentes a cada carregamento da página",
              "timedOut": null,
              "duration": 982,
              "state": "failed",
              "speed": null,
              "pass": false,
              "fail": true,
              "pending": false,
              "context": null,
              "code": "cy.get('.color').then(function (colors) {\n  var currentColors;\n  var previousColors;\n  previousColors = Array.from(colors).map(function (color) {\n    return Cypress.$(color).css('background-color');\n  });\n  for (var i = 0; i < 5; i += 1) {\n    cy.reload();\n    cy.get('.color').then(function (colors) {\n      currentColors = Array.from(colors).map(function (color) {\n        return Cypress.$(color).css('background-color');\n      });\n      expect(currentColors).not.to.deep.equal(previousColors);\n      previousColors = currentColors;\n    });\n  }\n});",
              "err": {
                "message": "AssertionError: expected [ Array(4) ] to not deeply equal [ Array(4) ]",
                "estack": "AssertionError: expected [ Array(4) ] to not deeply equal [ Array(4) ]\n    at getRet (http://localhost:56697/__cypress/runner/cypress_runner.js:136585:16)\n    at tryCatcher (http://localhost:56697/__cypress/runner/cypress_runner.js:167415:23)\n    at Function.Promise.attempt.Promise.try (http://localhost:56697/__cypress/runner/cypress_runner.js:164690:29)\n    at Context.thenFn (http://localhost:56697/__cypress/runner/cypress_runner.js:136599:23)\n    at Context.then (http://localhost:56697/__cypress/runner/cypress_runner.js:136971:21)\n    at Context.<anonymous> (http://localhost:56697/__cypress/runner/cypress_runner.js:148875:21)\n    at http://localhost:56697/__cypress/runner/cypress_runner.js:148351:33\n    at tryCatcher (http://localhost:56697/__cypress/runner/cypress_runner.js:167415:23)\n    at Promise._settlePromiseFromHandler (http://localhost:56697/__cypress/runner/cypress_runner.js:165351:31)\n    at Promise._settlePromise (http://localhost:56697/__cypress/runner/cypress_runner.js:165408:18)\n    at Promise._settlePromiseCtx (http://localhost:56697/__cypress/runner/cypress_runner.js:165445:10)\n    at Async../node_modules/bluebird/js/release/async.js.Async._drainQueue (http://localhost:56697/__cypress/runner/cypress_runner.js:162145:12)\n    at Async../node_modules/bluebird/js/release/async.js.Async._drainQueues (http://localhost:56697/__cypress/runner/cypress_runner.js:162150:10)\n    at Async.drainQueues (http://localhost:56697/__cypress/runner/cypress_runner.js:162024:14)",
                "diff": ""
              },
              "uuid": "bde73a3a-0b41-40ac-8a8d-16d74ec934b7",
              "parentUUID": "5854b3b8-4cf0-4d0c-9e67-16a6a85c9058",
              "isHook": false,
              "skipped": false
            },
            {
              "title": "Verifica se a cor preta ainda está presente e é a primeira na sua paleta de cores",
              "fullTitle": "12 - Faça com que as cores da paleta sejam geradas aleatoriamente ao carregar a página. Verifica se a cor preta ainda está presente e é a primeira na sua paleta de cores",
              "timedOut": null,
              "duration": 1189,
              "state": "failed",
              "speed": null,
              "pass": false,
              "fail": true,
              "pending": false,
              "context": null,
              "code": "cy.get('.color').then(function (colors) {\n  var currentColors;\n  var previousColors;\n  previousColors = Array.from(colors).map(function (color) {\n    return Cypress.$(color).css('background-color');\n  });\n  expect(previousColors[0]).to.eq(BLACK);\n  for (var i = 0; i < 5; i += 1) {\n    cy.reload();\n    cy.get('.color').then(function (colors) {\n      currentColors = Array.from(colors).map(function (color) {\n        return Cypress.$(color).css('background-color');\n      });\n      expect(currentColors[0]).to.eq(BLACK);\n      expect(currentColors).not.to.deep.equal(previousColors);\n      previousColors = currentColors;\n    });\n  }\n});",
              "err": {
                "message": "AssertionError: expected [ Array(4) ] to not deeply equal [ Array(4) ]",
                "estack": "AssertionError: expected [ Array(4) ] to not deeply equal [ Array(4) ]\n    at getRet (http://localhost:56697/__cypress/runner/cypress_runner.js:136585:16)\n    at tryCatcher (http://localhost:56697/__cypress/runner/cypress_runner.js:167415:23)\n    at Function.Promise.attempt.Promise.try (http://localhost:56697/__cypress/runner/cypress_runner.js:164690:29)\n    at Context.thenFn (http://localhost:56697/__cypress/runner/cypress_runner.js:136599:23)\n    at Context.then (http://localhost:56697/__cypress/runner/cypress_runner.js:136971:21)\n    at Context.<anonymous> (http://localhost:56697/__cypress/runner/cypress_runner.js:148875:21)\n    at http://localhost:56697/__cypress/runner/cypress_runner.js:148351:33\n    at tryCatcher (http://localhost:56697/__cypress/runner/cypress_runner.js:167415:23)\n    at Promise._settlePromiseFromHandler (http://localhost:56697/__cypress/runner/cypress_runner.js:165351:31)\n    at Promise._settlePromise (http://localhost:56697/__cypress/runner/cypress_runner.js:165408:18)\n    at Promise._settlePromiseCtx (http://localhost:56697/__cypress/runner/cypress_runner.js:165445:10)\n    at Async../node_modules/bluebird/js/release/async.js.Async._drainQueue (http://localhost:56697/__cypress/runner/cypress_runner.js:162145:12)\n    at Async../node_modules/bluebird/js/release/async.js.Async._drainQueues (http://localhost:56697/__cypress/runner/cypress_runner.js:162150:10)\n    at Async.drainQueues (http://localhost:56697/__cypress/runner/cypress_runner.js:162024:14)",
                "diff": ""
              },
              "uuid": "0df8452e-d5de-4036-b5aa-9d6ebb5d1058",
              "parentUUID": "5854b3b8-4cf0-4d0c-9e67-16a6a85c9058",
              "isHook": false,
              "skipped": false
            }
          ],
          "suites": [],
          "passes": [],
          "failures": [
            "bde73a3a-0b41-40ac-8a8d-16d74ec934b7",
            "0df8452e-d5de-4036-b5aa-9d6ebb5d1058"
          ],
          "pending": [],
          "skipped": [],
          "duration": 2171,
          "root": false,
          "rootEmpty": false,
          "_timeout": 2000
        }
      ],
      "passes": [],
      "failures": [],
      "pending": [],
      "skipped": [],
      "duration": 0,
      "root": true,
      "rootEmpty": true,
      "_timeout": 2000
    }
  ],
  "meta": {
    "mocha": {
      "version": "7.0.1"
    },
    "mochawesome": {
      "options": {
        "quiet": false,
        "reportFilename": "mochawesome",
        "saveHtml": false,
        "saveJson": true,
        "consoleReporter": "spec",
        "useInlineDiffs": false
      },
      "version": "4.1.0"
    },
    "marge": {
      "options": {
        "id": "default",
        "reportDir": "cypress/reports",
        "overwrite": true,
        "html": false,
        "json": true
      },
      "version": "4.1.0"
    }
  }
}